# JRE version: OpenJDK Runtime Environment (17.0.7) (build 17.0.7+0-b2043.56-10550314)
# Java VM: OpenJDK 64-Bit Server VM (17.0.7+0-b2043.56-10550314, mixed mode, tiered, compressed oops, compressed class ptrs, g1 gc, windows-amd64)
GC Precious Log:
 CPUs: 12 total, 12 available
 Memory: 16054M
 Large Page Support: Disabled
 NUMA Support: Disabled
 Compressed Oops: Enabled (32-bit)
 Heap Region Size: 1M
 Heap Min Capacity: 8M
 Heap Initial Capacity: 252M
 Heap Max Capacity: 2G
 Pre-touch: Disabled
 Parallel Workers: 10
 Concurrent Workers: 3
 Concurrent Refinement Workers: 10
 Periodic GC: Disabled
Heap:
 garbage-first heap   total 159744K, used 112806K [0x0000000080000000, 0x0000000100000000)
  region size 1024K, 82 young (83968K), 7 survivors (7168K)
 Metaspace       used 57618K, committed 58112K, reserved 1114112K
  class space    used 7589K, committed 7808K, reserved 1048576K
GC Heap History (20 events):
Event: 3.109 GC heap before
{Heap before GC invocations=4 (full 0):
 garbage-first heap   total 61440K, used 44857K [0x0000000080000000, 0x0000000100000000)
  region size 1024K, 36 young (36864K), 8 survivors (8192K)
 Metaspace       used 25894K, committed 26112K, reserved 1114112K
  class space    used 3418K, committed 3520K, reserved 1048576K
}
Event: 3.115 GC heap after
{Heap after GC invocations=5 (full 0):
 garbage-first heap   total 61440K, used 19254K [0x0000000080000000, 0x0000000100000000)
  region size 1024K, 3 young (3072K), 3 survivors (3072K)
 Metaspace       used 25894K, committed 26112K, reserved 1114112K
  class space    used 3418K, committed 3520K, reserved 1048576K
}
Event: 3.153 GC heap before
{Heap before GC invocations=5 (full 0):
 garbage-first heap   total 61440K, used 20278K [0x0000000080000000, 0x0000000100000000)
  region size 1024K, 4 young (4096K), 3 survivors (3072K)
 Metaspace       used 26135K, committed 26432K, reserved 1114112K
  class space    used 3449K, committed 3584K, reserved 1048576K
}
Event: 3.155 GC heap after
{Heap after GC invocations=6 (full 0):
 garbage-first heap   total 61440K, used 19211K [0x0000000080000000, 0x0000000100000000)
  region size 1024K, 1 young (1024K), 1 survivors (1024K)
 Metaspace       used 26135K, committed 26432K, reserved 1114112K
  class space    used 3449K, committed 3584K, reserved 1048576K
}
Event: 3.568 GC heap before
{Heap before GC invocations=6 (full 0):
 garbage-first heap   total 61440K, used 41739K [0x0000000080000000, 0x0000000100000000)
  region size 1024K, 23 young (23552K), 1 survivors (1024K)
 Metaspace       used 29646K, committed 29952K, reserved 1114112K
  class space    used 4031K, committed 4160K, reserved 1048576K
}
Event: 3.571 GC heap after
{Heap after GC invocations=7 (full 0):
 garbage-first heap   total 61440K, used 20111K [0x0000000080000000, 0x0000000100000000)
  region size 1024K, 2 young (2048K), 2 survivors (2048K)
 Metaspace       used 29646K, committed 29952K, reserved 1114112K
  class space    used 4031K, committed 4160K, reserved 1048576K
}
Event: 4.141 GC heap before
{Heap before GC invocations=7 (full 0):
 garbage-first heap   total 61440K, used 43663K [0x0000000080000000, 0x0000000100000000)
  region size 1024K, 25 young (25600K), 2 survivors (2048K)
 Metaspace       used 33515K, committed 33792K, reserved 1114112K
  class space    used 4652K, committed 4800K, reserved 1048576K
}
Event: 4.144 GC heap after
{Heap after GC invocations=8 (full 0):
 garbage-first heap   total 61440K, used 21409K [0x0000000080000000, 0x0000000100000000)
  region size 1024K, 3 young (3072K), 3 survivors (3072K)
 Metaspace       used 33515K, committed 33792K, reserved 1114112K
  class space    used 4652K, committed 4800K, reserved 1048576K
}
Event: 4.392 GC heap before
{Heap before GC invocations=8 (full 0):
 garbage-first heap   total 61440K, used 29601K [0x0000000080000000, 0x0000000100000000)
  region size 1024K, 12 young (12288K), 3 survivors (3072K)
 Metaspace       used 35673K, committed 35968K, reserved 1114112K
  class space    used 4862K, committed 4992K, reserved 1048576K
}
Event: 4.396 GC heap after
{Heap after GC invocations=9 (full 0):
 garbage-first heap   total 61440K, used 22704K [0x0000000080000000, 0x0000000100000000)
  region size 1024K, 3 young (3072K), 3 survivors (3072K)
 Metaspace       used 35673K, committed 35968K, reserved 1114112K
  class space    used 4862K, committed 4992K, reserved 1048576K
}
Event: 4.871 GC heap before
{Heap before GC invocations=10 (full 0):
 garbage-first heap   total 61440K, used 45232K [0x0000000080000000, 0x0000000100000000)
  region size 1024K, 26 young (26624K), 3 survivors (3072K)
 Metaspace       used 39675K, committed 40000K, reserved 1114112K
  class space    used 5280K, committed 5440K, reserved 1048576K
}
Event: 4.876 GC heap after
{Heap after GC invocations=11 (full 0):
 garbage-first heap   total 61440K, used 26072K [0x0000000080000000, 0x0000000100000000)
  region size 1024K, 4 young (4096K), 4 survivors (4096K)
 Metaspace       used 39675K, committed 40000K, reserved 1114112K
  class space    used 5280K, committed 5440K, reserved 1048576K
}
Event: 4.879 GC heap before
{Heap before GC invocations=11 (full 0):
 garbage-first heap   total 61440K, used 27096K [0x0000000080000000, 0x0000000100000000)
  region size 1024K, 5 young (5120K), 4 survivors (4096K)
 Metaspace       used 39675K, committed 40000K, reserved 1114112K
  class space    used 5280K, committed 5440K, reserved 1048576K
}
Event: 4.883 GC heap after
{Heap after GC invocations=12 (full 0):
 garbage-first heap   total 61440K, used 26535K [0x0000000080000000, 0x0000000100000000)
  region size 1024K, 1 young (1024K), 1 survivors (1024K)
 Metaspace       used 39675K, committed 40000K, reserved 1114112K
  class space    used 5280K, committed 5440K, reserved 1048576K
}
Event: 5.039 GC heap before
{Heap before GC invocations=12 (full 0):
 garbage-first heap   total 61440K, used 38823K [0x0000000080000000, 0x0000000100000000)
  region size 1024K, 14 young (14336K), 1 survivors (1024K)
 Metaspace       used 40392K, committed 40768K, reserved 1114112K
  class space    used 5362K, committed 5504K, reserved 1048576K
}
Event: 5.041 GC heap after
{Heap after GC invocations=13 (full 0):
 garbage-first heap   total 61440K, used 28755K [0x0000000080000000, 0x0000000100000000)
  region size 1024K, 2 young (2048K), 2 survivors (2048K)
 Metaspace       used 40392K, committed 40768K, reserved 1114112K
  class space    used 5362K, committed 5504K, reserved 1048576K
}
Event: 5.538 GC heap before
{Heap before GC invocations=13 (full 0):
 garbage-first heap   total 61440K, used 49235K [0x0000000080000000, 0x0000000100000000)
  region size 1024K, 20 young (20480K), 2 survivors (2048K)
 Metaspace       used 42177K, committed 42560K, reserved 1114112K
  class space    used 5540K, committed 5696K, reserved 1048576K
}
Event: 5.542 GC heap after
{Heap after GC invocations=14 (full 0):
 garbage-first heap   total 159744K, used 29753K [0x0000000080000000, 0x0000000100000000)
  region size 1024K, 2 young (2048K), 2 survivors (2048K)
 Metaspace       used 42177K, committed 42560K, reserved 1114112K
  class space    used 5540K, committed 5696K, reserved 1048576K
}
Event: 7.422 GC heap before
{Heap before GC invocations=14 (full 0):
 garbage-first heap   total 159744K, used 113721K [0x0000000080000000, 0x0000000100000000)
  region size 1024K, 83 young (84992K), 2 survivors (2048K)
 Metaspace       used 50325K, committed 50752K, reserved 1114112K
  class space    used 6659K, committed 6848K, reserved 1048576K
}
Event: 7.437 GC heap after
{Heap after GC invocations=15 (full 0):
 garbage-first heap   total 159744K, used 33958K [0x0000000080000000, 0x0000000100000000)
  region size 1024K, 7 young (7168K), 7 survivors (7168K)
 Metaspace       used 50325K, committed 50752K, reserved 1114112K
  class space    used 6659K, committed 6848K, reserved 1048576K
}

